<?xml version="1.0" encoding="UTF-8"?>
<testng-results skipped="0" failed="0" ignored="0" total="2" passed="2">
  <reporter-output>
  </reporter-output>
  <suite name="Tests" duration-ms="8798" started-at="2018-08-13T11:22:18Z" finished-at="2018-08-13T11:22:26Z">
    <groups>
    </groups>
    <test name="test" duration-ms="8798" started-at="2018-08-13T11:22:18Z" finished-at="2018-08-13T11:22:26Z">
      <class name="testcases.TC03">
        <test-method status="PASS" signature="verifyTC03()[pri:0, instance:testcases.TC03@91161c7]" name="verifyTC03" duration-ms="1212" started-at="2018-08-13T19:22:25Z" finished-at="2018-08-13T19:22:26Z">
          <reporter-output>
          </reporter-output>
        </test-method> <!-- verifyTC03 -->
      </class> <!-- testcases.TC03 -->
      <class name="testcases.TC02">
        <test-method status="PASS" signature="verifyTC02()[pri:0, instance:testcases.TC02@1bce4f0a]" name="verifyTC02" duration-ms="7546" started-at="2018-08-13T19:22:18Z" finished-at="2018-08-13T19:22:25Z">
          <reporter-output>
          </reporter-output>
        </test-method> <!-- verifyTC02 -->
      </class> <!-- testcases.TC02 -->
    </test> <!-- test -->
  </suite> <!-- Tests -->
</testng-results>
